Array
(
    [0] => Array
        (
            [id] => 12
            [member_id] => 9
            [product_id] => 7
            [quantity] => 2
            [price] => 4.80
            [variant] => hot
            [size] => Regular
            [sugar] => Normal
            [ice] => 
            [created_at] => 2024-12-31 11:15:59
            [updated_at] => 2025-01-01 14:43:36
            [status] => pending
            [unit_price] => 5.80
            [product_name] => KOPI TEH KAHWIN PING
        )

    [1] => Array
        (
            [id] => 13
            [member_id] => 9
            [product_id] => 5
            [quantity] => 1
            [price] => 4.80
            [variant] => iced
            [size] => Regular
            [sugar] => Normal
            [ice] => Normal
            [created_at] => 2024-12-31 11:16:21
            [updated_at] => 2025-01-01 18:03:18
            [status] => pending
            [unit_price] => 6.80
            [product_name] => 3 LATER KOPI
        )

    [2] => Array
        (
            [id] => 14
            [member_id] => 9
            [product_id] => 3
            [quantity] => 2
            [price] => 4.80
            [variant] => hot
            [size] => Regular
            [sugar] => Normal
            [ice] => 
            [created_at] => 2024-12-31 11:33:29
            [updated_at] => 2025-01-01 18:03:23
            [status] => pending
            [unit_price] => 6.80
            [product_name] => PAPA STYLE AMERICANO
        )

    [3] => Array
        (
            [id] => 20
            [member_id] => 9
            [product_id] => 13
            [quantity] => 2
            [price] => 10.80
            [variant] => 
            [size] => 
            [sugar] => 
            [ice] => 
            [created_at] => 2024-12-31 17:45:44
            [updated_at] => 2025-01-01 18:03:33
            [status] => pending
            [unit_price] => 10.80
            [product_name] => BASQUE BURN CHEESE CAKE
        )

    [4] => Array
        (
            [id] => 21
            [member_id] => 9
            [product_id] => 14
            [quantity] => 2
            [price] => 3.80
            [variant] => 
            [size] => 
            [sugar] => 
            [ice] => 
            [created_at] => 2025-01-01 16:31:13
            [updated_at] => 2025-01-01 18:03:28
            [status] => pending
            [unit_price] => 3.80
            [product_name] => CHICKEN SHAO PAU
        )

)
Array
(
    [0] => Array
        (
            [id] => 12
            [member_id] => 9
            [product_id] => 7
            [quantity] => 2
            [price] => 4.80
            [variant] => hot
            [size] => Regular
            [sugar] => Normal
            [ice] => 
            [created_at] => 2024-12-31 11:15:59
            [updated_at] => 2025-01-01 14:43:36
            [status] => pending
            [unit_price] => 5.80
            [product_name] => KOPI TEH KAHWIN PING
        )

    [1] => Array
        (
            [id] => 13
            [member_id] => 9
            [product_id] => 5
            [quantity] => 1
            [price] => 4.80
            [variant] => iced
            [size] => Regular
            [sugar] => Normal
            [ice] => Normal
            [created_at] => 2024-12-31 11:16:21
            [updated_at] => 2025-01-01 18:03:18
            [status] => pending
            [unit_price] => 6.80
            [product_name] => 3 LATER KOPI
        )

    [2] => Array
        (
            [id] => 14
            [member_id] => 9
            [product_id] => 3
            [quantity] => 2
            [price] => 4.80
            [variant] => hot
            [size] => Regular
            [sugar] => Normal
            [ice] => 
            [created_at] => 2024-12-31 11:33:29
            [updated_at] => 2025-01-01 18:03:23
            [status] => pending
            [unit_price] => 6.80
            [product_name] => PAPA STYLE AMERICANO
        )

    [3] => Array
        (
            [id] => 20
            [member_id] => 9
            [product_id] => 13
            [quantity] => 2
            [price] => 10.80
            [variant] => 
            [size] => 
            [sugar] => 
            [ice] => 
            [created_at] => 2024-12-31 17:45:44
            [updated_at] => 2025-01-01 18:03:33
            [status] => pending
            [unit_price] => 10.80
            [product_name] => BASQUE BURN CHEESE CAKE
        )

    [4] => Array
        (
            [id] => 21
            [member_id] => 9
            [product_id] => 14
            [quantity] => 2
            [price] => 3.80
            [variant] => 
            [size] => 
            [sugar] => 
            [ice] => 
            [created_at] => 2025-01-01 16:31:13
            [updated_at] => 2025-01-01 18:03:28
            [status] => pending
            [unit_price] => 3.80
            [product_name] => CHICKEN SHAO PAU
        )

)
Array
(
    [0] => Array
        (
            [id] => 12
            [member_id] => 9
            [product_id] => 7
            [quantity] => 2
            [price] => 4.80
            [variant] => hot
            [size] => Regular
            [sugar] => Normal
            [ice] => 
            [created_at] => 2024-12-31 11:15:59
            [updated_at] => 2025-01-01 14:43:36
            [status] => pending
            [unit_price] => 5.80
            [product_name] => KOPI TEH KAHWIN PING
        )

    [1] => Array
        (
            [id] => 13
            [member_id] => 9
            [product_id] => 5
            [quantity] => 1
            [price] => 4.80
            [variant] => iced
            [size] => Regular
            [sugar] => Normal
            [ice] => Normal
            [created_at] => 2024-12-31 11:16:21
            [updated_at] => 2025-01-01 18:03:18
            [status] => pending
            [unit_price] => 6.80
            [product_name] => 3 LATER KOPI
        )

    [2] => Array
        (
            [id] => 14
            [member_id] => 9
            [product_id] => 3
            [quantity] => 2
            [price] => 4.80
            [variant] => hot
            [size] => Regular
            [sugar] => Normal
            [ice] => 
            [created_at] => 2024-12-31 11:33:29
            [updated_at] => 2025-01-01 18:03:23
            [status] => pending
            [unit_price] => 6.80
            [product_name] => PAPA STYLE AMERICANO
        )

    [3] => Array
        (
            [id] => 20
            [member_id] => 9
            [product_id] => 13
            [quantity] => 2
            [price] => 10.80
            [variant] => 
            [size] => 
            [sugar] => 
            [ice] => 
            [created_at] => 2024-12-31 17:45:44
            [updated_at] => 2025-01-01 18:03:33
            [status] => pending
            [unit_price] => 10.80
            [product_name] => BASQUE BURN CHEESE CAKE
        )

    [4] => Array
        (
            [id] => 21
            [member_id] => 9
            [product_id] => 14
            [quantity] => 2
            [price] => 3.80
            [variant] => 
            [size] => 
            [sugar] => 
            [ice] => 
            [created_at] => 2025-01-01 16:31:13
            [updated_at] => 2025-01-01 18:03:28
            [status] => pending
            [unit_price] => 3.80
            [product_name] => CHICKEN SHAO PAU
        )

)
Array
(
    [0] => Array
        (
            [id] => 12
            [member_id] => 9
            [product_id] => 7
            [quantity] => 2
            [price] => 4.80
            [variant] => hot
            [size] => Regular
            [sugar] => Normal
            [ice] => 
            [created_at] => 2024-12-31 11:15:59
            [updated_at] => 2025-01-01 14:43:36
            [status] => pending
            [unit_price] => 5.80
            [product_name] => KOPI TEH KAHWIN PING
        )

    [1] => Array
        (
            [id] => 13
            [member_id] => 9
            [product_id] => 5
            [quantity] => 1
            [price] => 4.80
            [variant] => iced
            [size] => Regular
            [sugar] => Normal
            [ice] => Normal
            [created_at] => 2024-12-31 11:16:21
            [updated_at] => 2025-01-01 18:03:18
            [status] => pending
            [unit_price] => 6.80
            [product_name] => 3 LATER KOPI
        )

    [2] => Array
        (
            [id] => 14
            [member_id] => 9
            [product_id] => 3
            [quantity] => 2
            [price] => 4.80
            [variant] => hot
            [size] => Regular
            [sugar] => Normal
            [ice] => 
            [created_at] => 2024-12-31 11:33:29
            [updated_at] => 2025-01-01 18:03:23
            [status] => pending
            [unit_price] => 6.80
            [product_name] => PAPA STYLE AMERICANO
        )

    [3] => Array
        (
            [id] => 20
            [member_id] => 9
            [product_id] => 13
            [quantity] => 2
            [price] => 10.80
            [variant] => 
            [size] => 
            [sugar] => 
            [ice] => 
            [created_at] => 2024-12-31 17:45:44
            [updated_at] => 2025-01-01 18:03:33
            [status] => pending
            [unit_price] => 10.80
            [product_name] => BASQUE BURN CHEESE CAKE
        )

    [4] => Array
        (
            [id] => 21
            [member_id] => 9
            [product_id] => 14
            [quantity] => 2
            [price] => 3.80
            [variant] => 
            [size] => 
            [sugar] => 
            [ice] => 
            [created_at] => 2025-01-01 16:31:13
            [updated_at] => 2025-01-01 18:03:28
            [status] => pending
            [unit_price] => 3.80
            [product_name] => CHICKEN SHAO PAU
        )

)
